mode: set
github.com/juliocesarscheidt/go-orm-api/application/usecase/get_users.go:13.84,17.2 1 0
github.com/juliocesarscheidt/go-orm-api/application/usecase/get_users.go:19.99,21.16 2 0
github.com/juliocesarscheidt/go-orm-api/application/usecase/get_users.go:24.2,25.29 2 0
github.com/juliocesarscheidt/go-orm-api/application/usecase/get_users.go:29.2,30.22 2 0
github.com/juliocesarscheidt/go-orm-api/application/usecase/get_users.go:21.16,23.3 1 0
github.com/juliocesarscheidt/go-orm-api/application/usecase/get_users.go:25.29,27.3 1 0
github.com/juliocesarscheidt/go-orm-api/application/usecase/update_user.go:15.135,20.2 1 0
github.com/juliocesarscheidt/go-orm-api/application/usecase/update_user.go:22.83,25.16 3 0
github.com/juliocesarscheidt/go-orm-api/application/usecase/update_user.go:28.2,28.66 1 0
github.com/juliocesarscheidt/go-orm-api/application/usecase/update_user.go:25.16,27.3 1 0
github.com/juliocesarscheidt/go-orm-api/application/usecase/count_users.go:14.88,18.2 1 0
github.com/juliocesarscheidt/go-orm-api/application/usecase/count_users.go:20.90,22.2 1 0
github.com/juliocesarscheidt/go-orm-api/application/usecase/create_user.go:15.135,20.2 1 1
github.com/juliocesarscheidt/go-orm-api/application/usecase/create_user.go:22.90,25.16 3 1
github.com/juliocesarscheidt/go-orm-api/application/usecase/create_user.go:28.2,28.48 1 1
github.com/juliocesarscheidt/go-orm-api/application/usecase/create_user.go:25.16,27.3 1 1
github.com/juliocesarscheidt/go-orm-api/application/usecase/delete_user.go:14.88,18.2 1 1
github.com/juliocesarscheidt/go-orm-api/application/usecase/delete_user.go:20.83,22.2 1 1
github.com/juliocesarscheidt/go-orm-api/application/usecase/get_user.go:13.82,17.2 1 1
github.com/juliocesarscheidt/go-orm-api/application/usecase/get_user.go:19.94,21.16 2 1
github.com/juliocesarscheidt/go-orm-api/application/usecase/get_user.go:24.2,24.17 1 1
github.com/juliocesarscheidt/go-orm-api/application/usecase/get_user.go:27.2,27.51 1 1
github.com/juliocesarscheidt/go-orm-api/application/usecase/get_user.go:21.16,23.3 1 1
github.com/juliocesarscheidt/go-orm-api/application/usecase/get_user.go:24.17,26.3 1 0
